[0.010s] Invoking command in '/home/liror/practice_ws/build/robot_cleaner': CMAKE_PREFIX_PATH=${CMAKE_PREFIX_PATH}:/opt/ros/jazzy DEBUGINFOD_URLS=https://debuginfod.ubuntu.com /usr/bin/cmake --build /home/liror/practice_ws/build/robot_cleaner -- -j2 -l2
[0.059s] [ 50%] [32mBuilding CXX object CMakeFiles/move.dir/src/move.cpp.o[0m
[3.334s] [100%] [32m[1mLinking CXX executable move[0m
[3.467s] [100%] Built target move
[3.477s] Invoked command in '/home/liror/practice_ws/build/robot_cleaner' returned '0': CMAKE_PREFIX_PATH=${CMAKE_PREFIX_PATH}:/opt/ros/jazzy DEBUGINFOD_URLS=https://debuginfod.ubuntu.com /usr/bin/cmake --build /home/liror/practice_ws/build/robot_cleaner -- -j2 -l2
[3.485s] Invoking command in '/home/liror/practice_ws/build/robot_cleaner': CMAKE_PREFIX_PATH=${CMAKE_PREFIX_PATH}:/opt/ros/jazzy DEBUGINFOD_URLS=https://debuginfod.ubuntu.com /usr/bin/cmake --install /home/liror/practice_ws/build/robot_cleaner
[3.492s] -- Install configuration: ""
[3.492s] -- Installing: /home/liror/practice_ws/install/robot_cleaner/lib/robot_cleaner/move
[3.493s] -- Set non-toolchain portion of runtime path of "/home/liror/practice_ws/install/robot_cleaner/lib/robot_cleaner/move" to ""
[3.493s] -- Up-to-date: /home/liror/practice_ws/install/robot_cleaner/share/ament_index/resource_index/package_run_dependencies/robot_cleaner
[3.493s] -- Up-to-date: /home/liror/practice_ws/install/robot_cleaner/share/ament_index/resource_index/parent_prefix_path/robot_cleaner
[3.493s] -- Up-to-date: /home/liror/practice_ws/install/robot_cleaner/share/robot_cleaner/environment/ament_prefix_path.sh
[3.493s] -- Up-to-date: /home/liror/practice_ws/install/robot_cleaner/share/robot_cleaner/environment/ament_prefix_path.dsv
[3.493s] -- Up-to-date: /home/liror/practice_ws/install/robot_cleaner/share/robot_cleaner/environment/path.sh
[3.493s] -- Up-to-date: /home/liror/practice_ws/install/robot_cleaner/share/robot_cleaner/environment/path.dsv
[3.493s] -- Up-to-date: /home/liror/practice_ws/install/robot_cleaner/share/robot_cleaner/local_setup.bash
[3.493s] -- Up-to-date: /home/liror/practice_ws/install/robot_cleaner/share/robot_cleaner/local_setup.sh
[3.493s] -- Up-to-date: /home/liror/practice_ws/install/robot_cleaner/share/robot_cleaner/local_setup.zsh
[3.493s] -- Up-to-date: /home/liror/practice_ws/install/robot_cleaner/share/robot_cleaner/local_setup.dsv
[3.493s] -- Installing: /home/liror/practice_ws/install/robot_cleaner/share/robot_cleaner/package.dsv
[3.494s] -- Up-to-date: /home/liror/practice_ws/install/robot_cleaner/share/ament_index/resource_index/packages/robot_cleaner
[3.494s] -- Up-to-date: /home/liror/practice_ws/install/robot_cleaner/share/robot_cleaner/cmake/robot_cleanerConfig.cmake
[3.494s] -- Up-to-date: /home/liror/practice_ws/install/robot_cleaner/share/robot_cleaner/cmake/robot_cleanerConfig-version.cmake
[3.494s] -- Up-to-date: /home/liror/practice_ws/install/robot_cleaner/share/robot_cleaner/package.xml
[3.495s] Invoked command in '/home/liror/practice_ws/build/robot_cleaner' returned '0': CMAKE_PREFIX_PATH=${CMAKE_PREFIX_PATH}:/opt/ros/jazzy DEBUGINFOD_URLS=https://debuginfod.ubuntu.com /usr/bin/cmake --install /home/liror/practice_ws/build/robot_cleaner
