[0.086s] DEBUG:colcon:Command line arguments: ['/usr/bin/colcon', 'build']
[0.086s] DEBUG:colcon:Parsed command line arguments: Namespace(log_base=None, log_level=None, verb_name='build', build_base='build', install_base='install', merge_install=False, symlink_install=False, test_result_base=None, continue_on_error=False, executor='parallel', parallel_workers=2, event_handlers=None, ignore_user_meta=False, metas=['./colcon.meta'], base_paths=['.'], packages_ignore=None, packages_ignore_regex=None, paths=None, packages_up_to=None, packages_up_to_regex=None, packages_above=None, packages_above_and_dependencies=None, packages_above_depth=None, packages_select_by_dep=None, packages_skip_by_dep=None, packages_skip_up_to=None, packages_select_build_failed=False, packages_skip_build_finished=False, packages_select_test_failures=False, packages_skip_test_passed=False, packages_select=None, packages_skip=None, packages_select_regex=None, packages_skip_regex=None, packages_start=None, packages_end=None, allow_overriding=[], cmake_args=None, cmake_target=None, cmake_target_skip_unavailable=False, cmake_clean_cache=False, cmake_clean_first=False, cmake_force_configure=False, ament_cmake_args=None, catkin_cmake_args=None, catkin_skip_building_tests=False, mixin_files=None, mixin=None, verb_parser=<colcon_mixin.mixin.mixin_argument.MixinArgumentDecorator object at 0x7acf2ca7de80>, verb_extension=<colcon_core.verb.build.BuildVerb object at 0x7acf2ca7d760>, main=<bound method BuildVerb.main of <colcon_core.verb.build.BuildVerb object at 0x7acf2ca7d760>>, mixin_verb=('build',))
[0.116s] Level 1:colcon.colcon_core.package_discovery:discover_packages(colcon_meta) check parameters
[0.116s] Level 1:colcon.colcon_core.package_discovery:discover_packages(recursive) check parameters
[0.117s] Level 1:colcon.colcon_core.package_discovery:discover_packages(ignore) check parameters
[0.117s] Level 1:colcon.colcon_core.package_discovery:discover_packages(path) check parameters
[0.117s] Level 1:colcon.colcon_core.package_discovery:discover_packages(colcon_meta) discover
[0.117s] Level 1:colcon.colcon_core.package_discovery:discover_packages(recursive) discover
[0.117s] INFO:colcon.colcon_core.package_discovery:Crawling recursively for packages in '/home/liror/practice_ws'
[0.117s] Level 1:colcon.colcon_core.package_identification:_identify(.) by extensions ['ignore', 'ignore_ament_install']
[0.117s] Level 1:colcon.colcon_core.package_identification:_identify(.) by extension 'ignore'
[0.117s] Level 1:colcon.colcon_core.package_identification:_identify(.) by extension 'ignore_ament_install'
[0.117s] Level 1:colcon.colcon_core.package_identification:_identify(.) by extensions ['colcon_pkg']
[0.117s] Level 1:colcon.colcon_core.package_identification:_identify(.) by extension 'colcon_pkg'
[0.117s] Level 1:colcon.colcon_core.package_identification:_identify(.) by extensions ['colcon_meta']
[0.117s] Level 1:colcon.colcon_core.package_identification:_identify(.) by extension 'colcon_meta'
[0.117s] Level 1:colcon.colcon_core.package_identification:_identify(.) by extensions ['ros']
[0.117s] Level 1:colcon.colcon_core.package_identification:_identify(.) by extension 'ros'
[0.138s] Level 1:colcon.colcon_core.package_identification:_identify(.) by extensions ['cmake', 'python']
[0.138s] Level 1:colcon.colcon_core.package_identification:_identify(.) by extension 'cmake'
[0.138s] Level 1:colcon.colcon_core.package_identification:_identify(.) by extension 'python'
[0.138s] Level 1:colcon.colcon_core.package_identification:_identify(.) by extensions ['python_setup_py']
[0.138s] Level 1:colcon.colcon_core.package_identification:_identify(.) by extension 'python_setup_py'
[0.138s] Level 1:colcon.colcon_core.package_identification:_identify(build) by extensions ['ignore', 'ignore_ament_install']
[0.138s] Level 1:colcon.colcon_core.package_identification:_identify(build) by extension 'ignore'
[0.138s] Level 1:colcon.colcon_core.package_identification:_identify(build) ignored
[0.138s] Level 1:colcon.colcon_core.package_identification:_identify(install) by extensions ['ignore', 'ignore_ament_install']
[0.138s] Level 1:colcon.colcon_core.package_identification:_identify(install) by extension 'ignore'
[0.139s] Level 1:colcon.colcon_core.package_identification:_identify(install) ignored
[0.139s] Level 1:colcon.colcon_core.package_identification:_identify(log) by extensions ['ignore', 'ignore_ament_install']
[0.139s] Level 1:colcon.colcon_core.package_identification:_identify(log) by extension 'ignore'
[0.139s] Level 1:colcon.colcon_core.package_identification:_identify(log) ignored
[0.139s] Level 1:colcon.colcon_core.package_identification:_identify(src) by extensions ['ignore', 'ignore_ament_install']
[0.139s] Level 1:colcon.colcon_core.package_identification:_identify(src) by extension 'ignore'
[0.139s] Level 1:colcon.colcon_core.package_identification:_identify(src) by extension 'ignore_ament_install'
[0.139s] Level 1:colcon.colcon_core.package_identification:_identify(src) by extensions ['colcon_pkg']
[0.139s] Level 1:colcon.colcon_core.package_identification:_identify(src) by extension 'colcon_pkg'
[0.139s] Level 1:colcon.colcon_core.package_identification:_identify(src) by extensions ['colcon_meta']
[0.139s] Level 1:colcon.colcon_core.package_identification:_identify(src) by extension 'colcon_meta'
[0.139s] Level 1:colcon.colcon_core.package_identification:_identify(src) by extensions ['ros']
[0.139s] Level 1:colcon.colcon_core.package_identification:_identify(src) by extension 'ros'
[0.139s] Level 1:colcon.colcon_core.package_identification:_identify(src) by extensions ['cmake', 'python']
[0.139s] Level 1:colcon.colcon_core.package_identification:_identify(src) by extension 'cmake'
[0.139s] Level 1:colcon.colcon_core.package_identification:_identify(src) by extension 'python'
[0.139s] Level 1:colcon.colcon_core.package_identification:_identify(src) by extensions ['python_setup_py']
[0.139s] Level 1:colcon.colcon_core.package_identification:_identify(src) by extension 'python_setup_py'
[0.139s] Level 1:colcon.colcon_core.package_identification:_identify(src/robot_cleaner) by extensions ['ignore', 'ignore_ament_install']
[0.139s] Level 1:colcon.colcon_core.package_identification:_identify(src/robot_cleaner) by extension 'ignore'
[0.139s] Level 1:colcon.colcon_core.package_identification:_identify(src/robot_cleaner) by extension 'ignore_ament_install'
[0.139s] Level 1:colcon.colcon_core.package_identification:_identify(src/robot_cleaner) by extensions ['colcon_pkg']
[0.139s] Level 1:colcon.colcon_core.package_identification:_identify(src/robot_cleaner) by extension 'colcon_pkg'
[0.139s] Level 1:colcon.colcon_core.package_identification:_identify(src/robot_cleaner) by extensions ['colcon_meta']
[0.139s] Level 1:colcon.colcon_core.package_identification:_identify(src/robot_cleaner) by extension 'colcon_meta'
[0.139s] Level 1:colcon.colcon_core.package_identification:_identify(src/robot_cleaner) by extensions ['ros']
[0.140s] Level 1:colcon.colcon_core.package_identification:_identify(src/robot_cleaner) by extension 'ros'
[0.141s] DEBUG:colcon.colcon_core.package_identification:Package 'src/robot_cleaner' with type 'ros.ament_cmake' and name 'robot_cleaner'
[0.141s] Level 1:colcon.colcon_core.package_discovery:discover_packages(recursive) using defaults
[0.141s] Level 1:colcon.colcon_core.package_discovery:discover_packages(ignore) discover
[0.141s] Level 1:colcon.colcon_core.package_discovery:discover_packages(ignore) using defaults
[0.141s] Level 1:colcon.colcon_core.package_discovery:discover_packages(path) discover
[0.141s] Level 1:colcon.colcon_core.package_discovery:discover_packages(path) using defaults
[0.155s] Level 1:colcon.colcon_core.package_discovery:discover_packages(prefix_path) check parameters
[0.155s] Level 1:colcon.colcon_core.package_discovery:discover_packages(prefix_path) discover
[0.156s] DEBUG:colcon.colcon_installed_package_information.package_discovery:Found 1 installed packages in /home/liror/practice_ws/install
[0.157s] DEBUG:colcon.colcon_installed_package_information.package_discovery:Found 285 installed packages in /opt/ros/jazzy
[0.158s] Level 1:colcon.colcon_core.package_discovery:discover_packages(prefix_path) using defaults
[0.189s] Level 5:colcon.colcon_core.verb:set package 'robot_cleaner' build argument 'cmake_args' from command line to 'None'
[0.189s] Level 5:colcon.colcon_core.verb:set package 'robot_cleaner' build argument 'cmake_target' from command line to 'None'
[0.189s] Level 5:colcon.colcon_core.verb:set package 'robot_cleaner' build argument 'cmake_target_skip_unavailable' from command line to 'False'
[0.189s] Level 5:colcon.colcon_core.verb:set package 'robot_cleaner' build argument 'cmake_clean_cache' from command line to 'False'
[0.189s] Level 5:colcon.colcon_core.verb:set package 'robot_cleaner' build argument 'cmake_clean_first' from command line to 'False'
[0.189s] Level 5:colcon.colcon_core.verb:set package 'robot_cleaner' build argument 'cmake_force_configure' from command line to 'False'
[0.189s] Level 5:colcon.colcon_core.verb:set package 'robot_cleaner' build argument 'ament_cmake_args' from command line to 'None'
[0.189s] Level 5:colcon.colcon_core.verb:set package 'robot_cleaner' build argument 'catkin_cmake_args' from command line to 'None'
[0.189s] Level 5:colcon.colcon_core.verb:set package 'robot_cleaner' build argument 'catkin_skip_building_tests' from command line to 'False'
[0.189s] DEBUG:colcon.colcon_core.verb:Building package 'robot_cleaner' with the following arguments: {'ament_cmake_args': None, 'build_base': '/home/liror/practice_ws/build/robot_cleaner', 'catkin_cmake_args': None, 'catkin_skip_building_tests': False, 'cmake_args': None, 'cmake_clean_cache': False, 'cmake_clean_first': False, 'cmake_force_configure': False, 'cmake_target': None, 'cmake_target_skip_unavailable': False, 'install_base': '/home/liror/practice_ws/install/robot_cleaner', 'merge_install': False, 'path': '/home/liror/practice_ws/src/robot_cleaner', 'symlink_install': False, 'test_result_base': None}
[0.189s] INFO:colcon.colcon_core.executor:Executing jobs using 'parallel' executor
[0.190s] DEBUG:colcon.colcon_parallel_executor.executor.parallel:run_until_complete
[0.190s] INFO:colcon.colcon_ros.task.ament_cmake.build:Building ROS package in '/home/liror/practice_ws/src/robot_cleaner' with build type 'ament_cmake'
[0.190s] INFO:colcon.colcon_cmake.task.cmake.build:Building CMake package in '/home/liror/practice_ws/src/robot_cleaner'
[0.192s] INFO:colcon.colcon_core.plugin_system:Skipping extension 'colcon_core.shell.bat': Not used on non-Windows systems
[0.192s] INFO:colcon.colcon_core.shell:Skip shell extension 'powershell' for command environment: Not usable outside of PowerShell
[0.192s] DEBUG:colcon.colcon_core.shell:Skip shell extension 'dsv' for command environment
[0.202s] DEBUG:colcon.colcon_core.event_handler.log_command:Invoking command in '/home/liror/practice_ws/build/robot_cleaner': CMAKE_PREFIX_PATH=${CMAKE_PREFIX_PATH}:/opt/ros/jazzy DEBUGINFOD_URLS=https://debuginfod.ubuntu.com /usr/bin/cmake --build /home/liror/practice_ws/build/robot_cleaner -- -j2 -l2
[9.674s] DEBUG:colcon.colcon_core.event_handler.log_command:Invoked command in '/home/liror/practice_ws/build/robot_cleaner' returned '0': CMAKE_PREFIX_PATH=${CMAKE_PREFIX_PATH}:/opt/ros/jazzy DEBUGINFOD_URLS=https://debuginfod.ubuntu.com /usr/bin/cmake --build /home/liror/practice_ws/build/robot_cleaner -- -j2 -l2
[9.689s] DEBUG:colcon.colcon_core.event_handler.log_command:Invoking command in '/home/liror/practice_ws/build/robot_cleaner': CMAKE_PREFIX_PATH=${CMAKE_PREFIX_PATH}:/opt/ros/jazzy DEBUGINFOD_URLS=https://debuginfod.ubuntu.com /usr/bin/cmake --install /home/liror/practice_ws/build/robot_cleaner
[9.715s] Level 1:colcon.colcon_core.environment:create_environment_scripts_only(robot_cleaner)
[9.717s] DEBUG:colcon.colcon_core.event_handler.log_command:Invoked command in '/home/liror/practice_ws/build/robot_cleaner' returned '0': CMAKE_PREFIX_PATH=${CMAKE_PREFIX_PATH}:/opt/ros/jazzy DEBUGINFOD_URLS=https://debuginfod.ubuntu.com /usr/bin/cmake --install /home/liror/practice_ws/build/robot_cleaner
[9.719s] Level 1:colcon.colcon_core.environment:checking '/home/liror/practice_ws/install/robot_cleaner' for CMake module files
[9.720s] Level 1:colcon.colcon_core.environment:checking '/home/liror/practice_ws/install/robot_cleaner' for CMake config files
[9.721s] Level 1:colcon.colcon_core.shell:create_environment_hook('robot_cleaner', 'cmake_prefix_path')
[9.721s] INFO:colcon.colcon_core.shell:Creating environment hook '/home/liror/practice_ws/install/robot_cleaner/share/robot_cleaner/hook/cmake_prefix_path.ps1'
[9.722s] INFO:colcon.colcon_core.shell:Creating environment descriptor '/home/liror/practice_ws/install/robot_cleaner/share/robot_cleaner/hook/cmake_prefix_path.dsv'
[9.723s] INFO:colcon.colcon_core.shell:Creating environment hook '/home/liror/practice_ws/install/robot_cleaner/share/robot_cleaner/hook/cmake_prefix_path.sh'
[9.724s] Level 1:colcon.colcon_core.environment:checking '/home/liror/practice_ws/install/robot_cleaner/lib'
[9.725s] Level 1:colcon.colcon_core.environment:checking '/home/liror/practice_ws/install/robot_cleaner/bin'
[9.725s] Level 1:colcon.colcon_core.environment:checking '/home/liror/practice_ws/install/robot_cleaner/lib/pkgconfig/robot_cleaner.pc'
[9.725s] Level 1:colcon.colcon_core.environment:checking '/home/liror/practice_ws/install/robot_cleaner/lib/python3.12/site-packages'
[9.725s] Level 1:colcon.colcon_core.environment:checking '/home/liror/practice_ws/install/robot_cleaner/bin'
[9.725s] INFO:colcon.colcon_core.shell:Creating package script '/home/liror/practice_ws/install/robot_cleaner/share/robot_cleaner/package.ps1'
[9.726s] INFO:colcon.colcon_core.shell:Creating package descriptor '/home/liror/practice_ws/install/robot_cleaner/share/robot_cleaner/package.dsv'
[9.727s] INFO:colcon.colcon_core.shell:Creating package script '/home/liror/practice_ws/install/robot_cleaner/share/robot_cleaner/package.sh'
[9.728s] INFO:colcon.colcon_core.shell:Creating package script '/home/liror/practice_ws/install/robot_cleaner/share/robot_cleaner/package.bash'
[9.729s] INFO:colcon.colcon_core.shell:Creating package script '/home/liror/practice_ws/install/robot_cleaner/share/robot_cleaner/package.zsh'
[9.730s] Level 1:colcon.colcon_core.environment:create_file_with_runtime_dependencies(/home/liror/practice_ws/install/robot_cleaner/share/colcon-core/packages/robot_cleaner)
[9.731s] Level 1:colcon.colcon_core.environment:create_environment_scripts_only(robot_cleaner)
[9.731s] Level 1:colcon.colcon_core.environment:checking '/home/liror/practice_ws/install/robot_cleaner' for CMake module files
[9.732s] Level 1:colcon.colcon_core.environment:checking '/home/liror/practice_ws/install/robot_cleaner' for CMake config files
[9.732s] Level 1:colcon.colcon_core.shell:create_environment_hook('robot_cleaner', 'cmake_prefix_path')
[9.733s] INFO:colcon.colcon_core.shell:Creating environment hook '/home/liror/practice_ws/install/robot_cleaner/share/robot_cleaner/hook/cmake_prefix_path.ps1'
[9.734s] INFO:colcon.colcon_core.shell:Creating environment descriptor '/home/liror/practice_ws/install/robot_cleaner/share/robot_cleaner/hook/cmake_prefix_path.dsv'
[9.734s] INFO:colcon.colcon_core.shell:Creating environment hook '/home/liror/practice_ws/install/robot_cleaner/share/robot_cleaner/hook/cmake_prefix_path.sh'
[9.735s] Level 1:colcon.colcon_core.environment:checking '/home/liror/practice_ws/install/robot_cleaner/lib'
[9.736s] Level 1:colcon.colcon_core.environment:checking '/home/liror/practice_ws/install/robot_cleaner/bin'
[9.736s] Level 1:colcon.colcon_core.environment:checking '/home/liror/practice_ws/install/robot_cleaner/lib/pkgconfig/robot_cleaner.pc'
[9.736s] Level 1:colcon.colcon_core.environment:checking '/home/liror/practice_ws/install/robot_cleaner/lib/python3.12/site-packages'
[9.736s] Level 1:colcon.colcon_core.environment:checking '/home/liror/practice_ws/install/robot_cleaner/bin'
[9.737s] INFO:colcon.colcon_core.shell:Creating package script '/home/liror/practice_ws/install/robot_cleaner/share/robot_cleaner/package.ps1'
[9.738s] INFO:colcon.colcon_core.shell:Creating package descriptor '/home/liror/practice_ws/install/robot_cleaner/share/robot_cleaner/package.dsv'
[9.739s] INFO:colcon.colcon_core.shell:Creating package script '/home/liror/practice_ws/install/robot_cleaner/share/robot_cleaner/package.sh'
[9.740s] INFO:colcon.colcon_core.shell:Creating package script '/home/liror/practice_ws/install/robot_cleaner/share/robot_cleaner/package.bash'
[9.740s] INFO:colcon.colcon_core.shell:Creating package script '/home/liror/practice_ws/install/robot_cleaner/share/robot_cleaner/package.zsh'
[9.741s] Level 1:colcon.colcon_core.environment:create_file_with_runtime_dependencies(/home/liror/practice_ws/install/robot_cleaner/share/colcon-core/packages/robot_cleaner)
[9.745s] DEBUG:colcon.colcon_parallel_executor.executor.parallel:closing loop
[9.745s] DEBUG:colcon.colcon_parallel_executor.executor.parallel:loop closed
[9.745s] DEBUG:colcon.colcon_parallel_executor.executor.parallel:run_until_complete finished with '0'
[9.745s] DEBUG:colcon.colcon_core.event_reactor:joining thread
[9.758s] INFO:colcon.colcon_core.plugin_system:Skipping extension 'colcon_notification.desktop_notification.terminal_notifier': Not used on non-Darwin systems
[9.758s] INFO:colcon.colcon_core.plugin_system:Skipping extension 'colcon_notification.desktop_notification.win32': Not used on non-Windows systems
[9.758s] INFO:colcon.colcon_notification.desktop_notification:Sending desktop notification using 'notify2'
[9.804s] DEBUG:colcon.colcon_core.event_reactor:joined thread
[9.805s] INFO:colcon.colcon_core.shell:Creating prefix script '/home/liror/practice_ws/install/local_setup.ps1'
[9.807s] INFO:colcon.colcon_core.shell:Creating prefix util module '/home/liror/practice_ws/install/_local_setup_util_ps1.py'
[9.811s] INFO:colcon.colcon_core.shell:Creating prefix chain script '/home/liror/practice_ws/install/setup.ps1'
[9.816s] INFO:colcon.colcon_core.shell:Creating prefix script '/home/liror/practice_ws/install/local_setup.sh'
[9.819s] INFO:colcon.colcon_core.shell:Creating prefix util module '/home/liror/practice_ws/install/_local_setup_util_sh.py'
[9.821s] INFO:colcon.colcon_core.shell:Creating prefix chain script '/home/liror/practice_ws/install/setup.sh'
[9.823s] INFO:colcon.colcon_core.shell:Creating prefix script '/home/liror/practice_ws/install/local_setup.bash'
[9.824s] INFO:colcon.colcon_core.shell:Creating prefix chain script '/home/liror/practice_ws/install/setup.bash'
[9.825s] INFO:colcon.colcon_core.shell:Creating prefix script '/home/liror/practice_ws/install/local_setup.zsh'
[9.826s] INFO:colcon.colcon_core.shell:Creating prefix chain script '/home/liror/practice_ws/install/setup.zsh'
