[0.010s] Invoking command in '/home/liror/practice_ws/build/robot_cleaner': CMAKE_PREFIX_PATH=${CMAKE_PREFIX_PATH}:/opt/ros/jazzy DEBUGINFOD_URLS=https://debuginfod.ubuntu.com /usr/bin/cmake --build /home/liror/practice_ws/build/robot_cleaner -- -j2 -l2
[0.060s] [ 33%] Built target move
[0.065s] [ 66%] Built target rotate
[0.086s] [ 83%] [32mBuilding CXX object CMakeFiles/goto.dir/src/gotogoal.cpp.o[0m
[2.000s] [01m[K/home/liror/practice_ws/src/robot_cleaner/src/gotogoal.cpp:[m[K In constructor ‘[01m[KTurtleBot::[01;32m[KTurtleBot[m[K()[m[K’:
[2.000s] [01m[K/home/liror/practice_ws/src/robot_cleaner/src/gotogoal.cpp:15:22:[m[K [01;35m[Kwarning: [m[Kvariable ‘[01m[Ksubscriber_callback[m[K’ set but not used [[01;35m[K]8;;https://gcc.gnu.org/onlinedocs/gcc/Warning-Options.html#index-Wunused-but-set-variable-Wunused-but-set-variable]8;;[m[K]
[2.000s]    15 |                 auto [01;35m[Ksubscriber_callback[m[K = [this](const turtlesim::msg::Pose::SharedPtr msg) {
[2.000s]       |                      [01;35m[K^~~~~~~~~~~~~~~~~~~[m[K
[6.962s] [100%] [32m[1mLinking CXX executable goto[0m
[7.254s] [100%] Built target goto
[7.267s] Invoked command in '/home/liror/practice_ws/build/robot_cleaner' returned '0': CMAKE_PREFIX_PATH=${CMAKE_PREFIX_PATH}:/opt/ros/jazzy DEBUGINFOD_URLS=https://debuginfod.ubuntu.com /usr/bin/cmake --build /home/liror/practice_ws/build/robot_cleaner -- -j2 -l2
[7.280s] Invoking command in '/home/liror/practice_ws/build/robot_cleaner': CMAKE_PREFIX_PATH=${CMAKE_PREFIX_PATH}:/opt/ros/jazzy DEBUGINFOD_URLS=https://debuginfod.ubuntu.com /usr/bin/cmake --install /home/liror/practice_ws/build/robot_cleaner
[7.294s] -- Install configuration: ""
[7.294s] -- Up-to-date: /home/liror/practice_ws/install/robot_cleaner/lib/robot_cleaner/move
[7.294s] -- Up-to-date: /home/liror/practice_ws/install/robot_cleaner/lib/robot_cleaner/rotate
[7.294s] -- Installing: /home/liror/practice_ws/install/robot_cleaner/lib/robot_cleaner/goto
[7.297s] -- Set non-toolchain portion of runtime path of "/home/liror/practice_ws/install/robot_cleaner/lib/robot_cleaner/goto" to ""
[7.297s] -- Up-to-date: /home/liror/practice_ws/install/robot_cleaner/share/ament_index/resource_index/package_run_dependencies/robot_cleaner
[7.297s] -- Up-to-date: /home/liror/practice_ws/install/robot_cleaner/share/ament_index/resource_index/parent_prefix_path/robot_cleaner
[7.298s] -- Up-to-date: /home/liror/practice_ws/install/robot_cleaner/share/robot_cleaner/environment/ament_prefix_path.sh
[7.298s] -- Up-to-date: /home/liror/practice_ws/install/robot_cleaner/share/robot_cleaner/environment/ament_prefix_path.dsv
[7.298s] -- Up-to-date: /home/liror/practice_ws/install/robot_cleaner/share/robot_cleaner/environment/path.sh
[7.298s] -- Up-to-date: /home/liror/practice_ws/install/robot_cleaner/share/robot_cleaner/environment/path.dsv
[7.298s] -- Up-to-date: /home/liror/practice_ws/install/robot_cleaner/share/robot_cleaner/local_setup.bash
[7.298s] -- Up-to-date: /home/liror/practice_ws/install/robot_cleaner/share/robot_cleaner/local_setup.sh
[7.298s] -- Up-to-date: /home/liror/practice_ws/install/robot_cleaner/share/robot_cleaner/local_setup.zsh
[7.298s] -- Up-to-date: /home/liror/practice_ws/install/robot_cleaner/share/robot_cleaner/local_setup.dsv
[7.298s] -- Installing: /home/liror/practice_ws/install/robot_cleaner/share/robot_cleaner/package.dsv
[7.298s] -- Up-to-date: /home/liror/practice_ws/install/robot_cleaner/share/ament_index/resource_index/packages/robot_cleaner
[7.298s] -- Up-to-date: /home/liror/practice_ws/install/robot_cleaner/share/robot_cleaner/cmake/robot_cleanerConfig.cmake
[7.299s] -- Up-to-date: /home/liror/practice_ws/install/robot_cleaner/share/robot_cleaner/cmake/robot_cleanerConfig-version.cmake
[7.299s] -- Up-to-date: /home/liror/practice_ws/install/robot_cleaner/share/robot_cleaner/package.xml
[7.300s] Invoked command in '/home/liror/practice_ws/build/robot_cleaner' returned '0': CMAKE_PREFIX_PATH=${CMAKE_PREFIX_PATH}:/opt/ros/jazzy DEBUGINFOD_URLS=https://debuginfod.ubuntu.com /usr/bin/cmake --install /home/liror/practice_ws/build/robot_cleaner
