[0.086s] DEBUG:colcon:Command line arguments: ['/usr/bin/colcon', 'build']
[0.087s] DEBUG:colcon:Parsed command line arguments: Namespace(log_base=None, log_level=None, verb_name='build', build_base='build', install_base='install', merge_install=False, symlink_install=False, test_result_base=None, continue_on_error=False, executor='parallel', parallel_workers=2, event_handlers=None, ignore_user_meta=False, metas=['./colcon.meta'], base_paths=['.'], packages_ignore=None, packages_ignore_regex=None, paths=None, packages_up_to=None, packages_up_to_regex=None, packages_above=None, packages_above_and_dependencies=None, packages_above_depth=None, packages_select_by_dep=None, packages_skip_by_dep=None, packages_skip_up_to=None, packages_select_build_failed=False, packages_skip_build_finished=False, packages_select_test_failures=False, packages_skip_test_passed=False, packages_select=None, packages_skip=None, packages_select_regex=None, packages_skip_regex=None, packages_start=None, packages_end=None, allow_overriding=[], cmake_args=None, cmake_target=None, cmake_target_skip_unavailable=False, cmake_clean_cache=False, cmake_clean_first=False, cmake_force_configure=False, ament_cmake_args=None, catkin_cmake_args=None, catkin_skip_building_tests=False, mixin_files=None, mixin=None, verb_parser=<colcon_mixin.mixin.mixin_argument.MixinArgumentDecorator object at 0x75cc6d775e20>, verb_extension=<colcon_core.verb.build.BuildVerb object at 0x75cc6d775700>, main=<bound method BuildVerb.main of <colcon_core.verb.build.BuildVerb object at 0x75cc6d775700>>, mixin_verb=('build',))
[0.119s] Level 1:colcon.colcon_core.package_discovery:discover_packages(colcon_meta) check parameters
[0.119s] Level 1:colcon.colcon_core.package_discovery:discover_packages(recursive) check parameters
[0.120s] Level 1:colcon.colcon_core.package_discovery:discover_packages(ignore) check parameters
[0.120s] Level 1:colcon.colcon_core.package_discovery:discover_packages(path) check parameters
[0.120s] Level 1:colcon.colcon_core.package_discovery:discover_packages(colcon_meta) discover
[0.120s] Level 1:colcon.colcon_core.package_discovery:discover_packages(recursive) discover
[0.120s] INFO:colcon.colcon_core.package_discovery:Crawling recursively for packages in '/home/liror/practice_ws'
[0.120s] Level 1:colcon.colcon_core.package_identification:_identify(.) by extensions ['ignore', 'ignore_ament_install']
[0.120s] Level 1:colcon.colcon_core.package_identification:_identify(.) by extension 'ignore'
[0.120s] Level 1:colcon.colcon_core.package_identification:_identify(.) by extension 'ignore_ament_install'
[0.120s] Level 1:colcon.colcon_core.package_identification:_identify(.) by extensions ['colcon_pkg']
[0.120s] Level 1:colcon.colcon_core.package_identification:_identify(.) by extension 'colcon_pkg'
[0.120s] Level 1:colcon.colcon_core.package_identification:_identify(.) by extensions ['colcon_meta']
[0.120s] Level 1:colcon.colcon_core.package_identification:_identify(.) by extension 'colcon_meta'
[0.120s] Level 1:colcon.colcon_core.package_identification:_identify(.) by extensions ['ros']
[0.120s] Level 1:colcon.colcon_core.package_identification:_identify(.) by extension 'ros'
[0.141s] Level 1:colcon.colcon_core.package_identification:_identify(.) by extensions ['cmake', 'python']
[0.141s] Level 1:colcon.colcon_core.package_identification:_identify(.) by extension 'cmake'
[0.141s] Level 1:colcon.colcon_core.package_identification:_identify(.) by extension 'python'
[0.141s] Level 1:colcon.colcon_core.package_identification:_identify(.) by extensions ['python_setup_py']
[0.141s] Level 1:colcon.colcon_core.package_identification:_identify(.) by extension 'python_setup_py'
[0.141s] Level 1:colcon.colcon_core.package_identification:_identify(build) by extensions ['ignore', 'ignore_ament_install']
[0.141s] Level 1:colcon.colcon_core.package_identification:_identify(build) by extension 'ignore'
[0.141s] Level 1:colcon.colcon_core.package_identification:_identify(build) ignored
[0.141s] Level 1:colcon.colcon_core.package_identification:_identify(install) by extensions ['ignore', 'ignore_ament_install']
[0.142s] Level 1:colcon.colcon_core.package_identification:_identify(install) by extension 'ignore'
[0.142s] Level 1:colcon.colcon_core.package_identification:_identify(install) ignored
[0.142s] Level 1:colcon.colcon_core.package_identification:_identify(log) by extensions ['ignore', 'ignore_ament_install']
[0.142s] Level 1:colcon.colcon_core.package_identification:_identify(log) by extension 'ignore'
[0.142s] Level 1:colcon.colcon_core.package_identification:_identify(log) ignored
[0.142s] Level 1:colcon.colcon_core.package_identification:_identify(src) by extensions ['ignore', 'ignore_ament_install']
[0.142s] Level 1:colcon.colcon_core.package_identification:_identify(src) by extension 'ignore'
[0.142s] Level 1:colcon.colcon_core.package_identification:_identify(src) by extension 'ignore_ament_install'
[0.142s] Level 1:colcon.colcon_core.package_identification:_identify(src) by extensions ['colcon_pkg']
[0.142s] Level 1:colcon.colcon_core.package_identification:_identify(src) by extension 'colcon_pkg'
[0.142s] Level 1:colcon.colcon_core.package_identification:_identify(src) by extensions ['colcon_meta']
[0.142s] Level 1:colcon.colcon_core.package_identification:_identify(src) by extension 'colcon_meta'
[0.142s] Level 1:colcon.colcon_core.package_identification:_identify(src) by extensions ['ros']
[0.142s] Level 1:colcon.colcon_core.package_identification:_identify(src) by extension 'ros'
[0.142s] Level 1:colcon.colcon_core.package_identification:_identify(src) by extensions ['cmake', 'python']
[0.142s] Level 1:colcon.colcon_core.package_identification:_identify(src) by extension 'cmake'
[0.142s] Level 1:colcon.colcon_core.package_identification:_identify(src) by extension 'python'
[0.142s] Level 1:colcon.colcon_core.package_identification:_identify(src) by extensions ['python_setup_py']
[0.142s] Level 1:colcon.colcon_core.package_identification:_identify(src) by extension 'python_setup_py'
[0.142s] Level 1:colcon.colcon_core.package_identification:_identify(src/robot_cleaner) by extensions ['ignore', 'ignore_ament_install']
[0.142s] Level 1:colcon.colcon_core.package_identification:_identify(src/robot_cleaner) by extension 'ignore'
[0.142s] Level 1:colcon.colcon_core.package_identification:_identify(src/robot_cleaner) by extension 'ignore_ament_install'
[0.142s] Level 1:colcon.colcon_core.package_identification:_identify(src/robot_cleaner) by extensions ['colcon_pkg']
[0.142s] Level 1:colcon.colcon_core.package_identification:_identify(src/robot_cleaner) by extension 'colcon_pkg'
[0.142s] Level 1:colcon.colcon_core.package_identification:_identify(src/robot_cleaner) by extensions ['colcon_meta']
[0.142s] Level 1:colcon.colcon_core.package_identification:_identify(src/robot_cleaner) by extension 'colcon_meta'
[0.143s] Level 1:colcon.colcon_core.package_identification:_identify(src/robot_cleaner) by extensions ['ros']
[0.143s] Level 1:colcon.colcon_core.package_identification:_identify(src/robot_cleaner) by extension 'ros'
[0.144s] DEBUG:colcon.colcon_core.package_identification:Package 'src/robot_cleaner' with type 'ros.ament_cmake' and name 'robot_cleaner'
[0.144s] Level 1:colcon.colcon_core.package_discovery:discover_packages(recursive) using defaults
[0.144s] Level 1:colcon.colcon_core.package_discovery:discover_packages(ignore) discover
[0.144s] Level 1:colcon.colcon_core.package_discovery:discover_packages(ignore) using defaults
[0.145s] Level 1:colcon.colcon_core.package_discovery:discover_packages(path) discover
[0.145s] Level 1:colcon.colcon_core.package_discovery:discover_packages(path) using defaults
[0.158s] Level 1:colcon.colcon_core.package_discovery:discover_packages(prefix_path) check parameters
[0.158s] Level 1:colcon.colcon_core.package_discovery:discover_packages(prefix_path) discover
[0.160s] DEBUG:colcon.colcon_installed_package_information.package_discovery:Found 1 installed packages in /home/liror/practice_ws/install
[0.161s] DEBUG:colcon.colcon_installed_package_information.package_discovery:Found 285 installed packages in /opt/ros/jazzy
[0.161s] Level 1:colcon.colcon_core.package_discovery:discover_packages(prefix_path) using defaults
[0.196s] Level 5:colcon.colcon_core.verb:set package 'robot_cleaner' build argument 'cmake_args' from command line to 'None'
[0.196s] Level 5:colcon.colcon_core.verb:set package 'robot_cleaner' build argument 'cmake_target' from command line to 'None'
[0.196s] Level 5:colcon.colcon_core.verb:set package 'robot_cleaner' build argument 'cmake_target_skip_unavailable' from command line to 'False'
[0.196s] Level 5:colcon.colcon_core.verb:set package 'robot_cleaner' build argument 'cmake_clean_cache' from command line to 'False'
[0.196s] Level 5:colcon.colcon_core.verb:set package 'robot_cleaner' build argument 'cmake_clean_first' from command line to 'False'
[0.196s] Level 5:colcon.colcon_core.verb:set package 'robot_cleaner' build argument 'cmake_force_configure' from command line to 'False'
[0.196s] Level 5:colcon.colcon_core.verb:set package 'robot_cleaner' build argument 'ament_cmake_args' from command line to 'None'
[0.196s] Level 5:colcon.colcon_core.verb:set package 'robot_cleaner' build argument 'catkin_cmake_args' from command line to 'None'
[0.196s] Level 5:colcon.colcon_core.verb:set package 'robot_cleaner' build argument 'catkin_skip_building_tests' from command line to 'False'
[0.196s] DEBUG:colcon.colcon_core.verb:Building package 'robot_cleaner' with the following arguments: {'ament_cmake_args': None, 'build_base': '/home/liror/practice_ws/build/robot_cleaner', 'catkin_cmake_args': None, 'catkin_skip_building_tests': False, 'cmake_args': None, 'cmake_clean_cache': False, 'cmake_clean_first': False, 'cmake_force_configure': False, 'cmake_target': None, 'cmake_target_skip_unavailable': False, 'install_base': '/home/liror/practice_ws/install/robot_cleaner', 'merge_install': False, 'path': '/home/liror/practice_ws/src/robot_cleaner', 'symlink_install': False, 'test_result_base': None}
[0.197s] INFO:colcon.colcon_core.executor:Executing jobs using 'parallel' executor
[0.198s] DEBUG:colcon.colcon_parallel_executor.executor.parallel:run_until_complete
[0.198s] INFO:colcon.colcon_ros.task.ament_cmake.build:Building ROS package in '/home/liror/practice_ws/src/robot_cleaner' with build type 'ament_cmake'
[0.198s] INFO:colcon.colcon_cmake.task.cmake.build:Building CMake package in '/home/liror/practice_ws/src/robot_cleaner'
[0.200s] INFO:colcon.colcon_core.plugin_system:Skipping extension 'colcon_core.shell.bat': Not used on non-Windows systems
[0.200s] INFO:colcon.colcon_core.shell:Skip shell extension 'powershell' for command environment: Not usable outside of PowerShell
[0.200s] DEBUG:colcon.colcon_core.shell:Skip shell extension 'dsv' for command environment
[0.210s] DEBUG:colcon.colcon_core.event_handler.log_command:Invoking command in '/home/liror/practice_ws/build/robot_cleaner': CMAKE_PREFIX_PATH=${CMAKE_PREFIX_PATH}:/opt/ros/jazzy DEBUGINFOD_URLS=https://debuginfod.ubuntu.com /usr/bin/cmake --build /home/liror/practice_ws/build/robot_cleaner -- -j2 -l2
[7.045s] DEBUG:colcon.colcon_core.event_handler.log_command:Invoked command in '/home/liror/practice_ws/build/robot_cleaner' returned '0': CMAKE_PREFIX_PATH=${CMAKE_PREFIX_PATH}:/opt/ros/jazzy DEBUGINFOD_URLS=https://debuginfod.ubuntu.com /usr/bin/cmake --build /home/liror/practice_ws/build/robot_cleaner -- -j2 -l2
[7.052s] DEBUG:colcon.colcon_core.event_handler.log_command:Invoking command in '/home/liror/practice_ws/build/robot_cleaner': CMAKE_PREFIX_PATH=${CMAKE_PREFIX_PATH}:/opt/ros/jazzy DEBUGINFOD_URLS=https://debuginfod.ubuntu.com /usr/bin/cmake --install /home/liror/practice_ws/build/robot_cleaner
[7.064s] Level 1:colcon.colcon_core.environment:create_environment_scripts_only(robot_cleaner)
[7.065s] DEBUG:colcon.colcon_core.event_handler.log_command:Invoked command in '/home/liror/practice_ws/build/robot_cleaner' returned '0': CMAKE_PREFIX_PATH=${CMAKE_PREFIX_PATH}:/opt/ros/jazzy DEBUGINFOD_URLS=https://debuginfod.ubuntu.com /usr/bin/cmake --install /home/liror/practice_ws/build/robot_cleaner
[7.066s] Level 1:colcon.colcon_core.environment:checking '/home/liror/practice_ws/install/robot_cleaner' for CMake module files
[7.067s] Level 1:colcon.colcon_core.environment:checking '/home/liror/practice_ws/install/robot_cleaner' for CMake config files
[7.067s] Level 1:colcon.colcon_core.shell:create_environment_hook('robot_cleaner', 'cmake_prefix_path')
[7.067s] INFO:colcon.colcon_core.shell:Creating environment hook '/home/liror/practice_ws/install/robot_cleaner/share/robot_cleaner/hook/cmake_prefix_path.ps1'
[7.067s] INFO:colcon.colcon_core.shell:Creating environment descriptor '/home/liror/practice_ws/install/robot_cleaner/share/robot_cleaner/hook/cmake_prefix_path.dsv'
[7.068s] INFO:colcon.colcon_core.shell:Creating environment hook '/home/liror/practice_ws/install/robot_cleaner/share/robot_cleaner/hook/cmake_prefix_path.sh'
[7.068s] Level 1:colcon.colcon_core.environment:checking '/home/liror/practice_ws/install/robot_cleaner/lib'
[7.069s] Level 1:colcon.colcon_core.environment:checking '/home/liror/practice_ws/install/robot_cleaner/bin'
[7.069s] Level 1:colcon.colcon_core.environment:checking '/home/liror/practice_ws/install/robot_cleaner/lib/pkgconfig/robot_cleaner.pc'
[7.069s] Level 1:colcon.colcon_core.environment:checking '/home/liror/practice_ws/install/robot_cleaner/lib/python3.12/site-packages'
[7.069s] Level 1:colcon.colcon_core.environment:checking '/home/liror/practice_ws/install/robot_cleaner/bin'
[7.069s] INFO:colcon.colcon_core.shell:Creating package script '/home/liror/practice_ws/install/robot_cleaner/share/robot_cleaner/package.ps1'
[7.070s] INFO:colcon.colcon_core.shell:Creating package descriptor '/home/liror/practice_ws/install/robot_cleaner/share/robot_cleaner/package.dsv'
[7.070s] INFO:colcon.colcon_core.shell:Creating package script '/home/liror/practice_ws/install/robot_cleaner/share/robot_cleaner/package.sh'
[7.070s] INFO:colcon.colcon_core.shell:Creating package script '/home/liror/practice_ws/install/robot_cleaner/share/robot_cleaner/package.bash'
[7.071s] INFO:colcon.colcon_core.shell:Creating package script '/home/liror/practice_ws/install/robot_cleaner/share/robot_cleaner/package.zsh'
[7.071s] Level 1:colcon.colcon_core.environment:create_file_with_runtime_dependencies(/home/liror/practice_ws/install/robot_cleaner/share/colcon-core/packages/robot_cleaner)
[7.072s] Level 1:colcon.colcon_core.environment:create_environment_scripts_only(robot_cleaner)
[7.072s] Level 1:colcon.colcon_core.environment:checking '/home/liror/practice_ws/install/robot_cleaner' for CMake module files
[7.072s] Level 1:colcon.colcon_core.environment:checking '/home/liror/practice_ws/install/robot_cleaner' for CMake config files
[7.073s] Level 1:colcon.colcon_core.shell:create_environment_hook('robot_cleaner', 'cmake_prefix_path')
[7.073s] INFO:colcon.colcon_core.shell:Creating environment hook '/home/liror/practice_ws/install/robot_cleaner/share/robot_cleaner/hook/cmake_prefix_path.ps1'
[7.073s] INFO:colcon.colcon_core.shell:Creating environment descriptor '/home/liror/practice_ws/install/robot_cleaner/share/robot_cleaner/hook/cmake_prefix_path.dsv'
[7.073s] INFO:colcon.colcon_core.shell:Creating environment hook '/home/liror/practice_ws/install/robot_cleaner/share/robot_cleaner/hook/cmake_prefix_path.sh'
[7.074s] Level 1:colcon.colcon_core.environment:checking '/home/liror/practice_ws/install/robot_cleaner/lib'
[7.074s] Level 1:colcon.colcon_core.environment:checking '/home/liror/practice_ws/install/robot_cleaner/bin'
[7.074s] Level 1:colcon.colcon_core.environment:checking '/home/liror/practice_ws/install/robot_cleaner/lib/pkgconfig/robot_cleaner.pc'
[7.074s] Level 1:colcon.colcon_core.environment:checking '/home/liror/practice_ws/install/robot_cleaner/lib/python3.12/site-packages'
[7.074s] Level 1:colcon.colcon_core.environment:checking '/home/liror/practice_ws/install/robot_cleaner/bin'
[7.074s] INFO:colcon.colcon_core.shell:Creating package script '/home/liror/practice_ws/install/robot_cleaner/share/robot_cleaner/package.ps1'
[7.075s] INFO:colcon.colcon_core.shell:Creating package descriptor '/home/liror/practice_ws/install/robot_cleaner/share/robot_cleaner/package.dsv'
[7.075s] INFO:colcon.colcon_core.shell:Creating package script '/home/liror/practice_ws/install/robot_cleaner/share/robot_cleaner/package.sh'
[7.075s] INFO:colcon.colcon_core.shell:Creating package script '/home/liror/practice_ws/install/robot_cleaner/share/robot_cleaner/package.bash'
[7.075s] INFO:colcon.colcon_core.shell:Creating package script '/home/liror/practice_ws/install/robot_cleaner/share/robot_cleaner/package.zsh'
[7.076s] Level 1:colcon.colcon_core.environment:create_file_with_runtime_dependencies(/home/liror/practice_ws/install/robot_cleaner/share/colcon-core/packages/robot_cleaner)
[7.076s] DEBUG:colcon.colcon_parallel_executor.executor.parallel:closing loop
[7.076s] DEBUG:colcon.colcon_parallel_executor.executor.parallel:loop closed
[7.076s] DEBUG:colcon.colcon_parallel_executor.executor.parallel:run_until_complete finished with '0'
[7.076s] DEBUG:colcon.colcon_core.event_reactor:joining thread
[7.081s] INFO:colcon.colcon_core.plugin_system:Skipping extension 'colcon_notification.desktop_notification.terminal_notifier': Not used on non-Darwin systems
[7.081s] INFO:colcon.colcon_core.plugin_system:Skipping extension 'colcon_notification.desktop_notification.win32': Not used on non-Windows systems
[7.081s] INFO:colcon.colcon_notification.desktop_notification:Sending desktop notification using 'notify2'
[7.094s] DEBUG:colcon.colcon_core.event_reactor:joined thread
[7.095s] INFO:colcon.colcon_core.shell:Creating prefix script '/home/liror/practice_ws/install/local_setup.ps1'
[7.095s] INFO:colcon.colcon_core.shell:Creating prefix util module '/home/liror/practice_ws/install/_local_setup_util_ps1.py'
[7.096s] INFO:colcon.colcon_core.shell:Creating prefix chain script '/home/liror/practice_ws/install/setup.ps1'
[7.097s] INFO:colcon.colcon_core.shell:Creating prefix script '/home/liror/practice_ws/install/local_setup.sh'
[7.097s] INFO:colcon.colcon_core.shell:Creating prefix util module '/home/liror/practice_ws/install/_local_setup_util_sh.py'
[7.098s] INFO:colcon.colcon_core.shell:Creating prefix chain script '/home/liror/practice_ws/install/setup.sh'
[7.098s] INFO:colcon.colcon_core.shell:Creating prefix script '/home/liror/practice_ws/install/local_setup.bash'
[7.099s] INFO:colcon.colcon_core.shell:Creating prefix chain script '/home/liror/practice_ws/install/setup.bash'
[7.099s] INFO:colcon.colcon_core.shell:Creating prefix script '/home/liror/practice_ws/install/local_setup.zsh'
[7.100s] INFO:colcon.colcon_core.shell:Creating prefix chain script '/home/liror/practice_ws/install/setup.zsh'
