-- Found ament_cmake: 2.5.3 (/opt/ros/jazzy/share/ament_cmake/cmake)
-- Found rclcpp: 28.1.8 (/opt/ros/jazzy/share/rclcpp/cmake)
-- Found rosidl_generator_c: 4.6.5 (/opt/ros/jazzy/share/rosidl_generator_c/cmake)
-- Found rosidl_generator_cpp: 4.6.5 (/opt/ros/jazzy/share/rosidl_generator_cpp/cmake)
-- Using all available rosidl_typesupport_c: rosidl_typesupport_fastrtps_c;rosidl_typesupport_introspection_c
-- Using all available rosidl_typesupport_cpp: rosidl_typesupport_fastrtps_cpp;rosidl_typesupport_introspection_cpp
-- Found rmw_implementation_cmake: 7.3.2 (/opt/ros/jazzy/share/rmw_implementation_cmake/cmake)
-- Found rmw_fastrtps_cpp: 8.4.2 (/opt/ros/jazzy/share/rmw_fastrtps_cpp/cmake)
-- Using RMW implementation 'rmw_fastrtps_cpp' as default
-- Found geometry_msgs: 5.3.6 (/opt/ros/jazzy/share/geometry_msgs/cmake)
-- Configuring done (0.5s)
-- Generating done (0.0s)
-- Build files have been written to: /home/liror/practice_ws/build/robot_cleaner
[ 25%] [32mBuilding CXX object CMakeFiles/rotate.dir/src/rotate.cpp.o[0m
[ 75%] Built target move
[100%] [32m[1mLinking CXX executable rotate[0m
[100%] Built target rotate
-- Install configuration: ""
-- Up-to-date: /home/liror/practice_ws/install/robot_cleaner/lib/robot_cleaner/move
-- Installing: /home/liror/practice_ws/install/robot_cleaner/lib/robot_cleaner/rotate
-- Set non-toolchain portion of runtime path of "/home/liror/practice_ws/install/robot_cleaner/lib/robot_cleaner/rotate" to ""
-- Up-to-date: /home/liror/practice_ws/install/robot_cleaner/share/ament_index/resource_index/package_run_dependencies/robot_cleaner
-- Installing: /home/liror/practice_ws/install/robot_cleaner/share/ament_index/resource_index/parent_prefix_path/robot_cleaner
-- Up-to-date: /home/liror/practice_ws/install/robot_cleaner/share/robot_cleaner/environment/ament_prefix_path.sh
-- Up-to-date: /home/liror/practice_ws/install/robot_cleaner/share/robot_cleaner/environment/ament_prefix_path.dsv
-- Up-to-date: /home/liror/practice_ws/install/robot_cleaner/share/robot_cleaner/environment/path.sh
-- Up-to-date: /home/liror/practice_ws/install/robot_cleaner/share/robot_cleaner/environment/path.dsv
-- Up-to-date: /home/liror/practice_ws/install/robot_cleaner/share/robot_cleaner/local_setup.bash
-- Up-to-date: /home/liror/practice_ws/install/robot_cleaner/share/robot_cleaner/local_setup.sh
-- Up-to-date: /home/liror/practice_ws/install/robot_cleaner/share/robot_cleaner/local_setup.zsh
-- Up-to-date: /home/liror/practice_ws/install/robot_cleaner/share/robot_cleaner/local_setup.dsv
-- Installing: /home/liror/practice_ws/install/robot_cleaner/share/robot_cleaner/package.dsv
-- Up-to-date: /home/liror/practice_ws/install/robot_cleaner/share/ament_index/resource_index/packages/robot_cleaner
-- Up-to-date: /home/liror/practice_ws/install/robot_cleaner/share/robot_cleaner/cmake/robot_cleanerConfig.cmake
-- Up-to-date: /home/liror/practice_ws/install/robot_cleaner/share/robot_cleaner/cmake/robot_cleanerConfig-version.cmake
-- Up-to-date: /home/liror/practice_ws/install/robot_cleaner/share/robot_cleaner/package.xml
