[01m[K/home/liror/practice_ws/src/robot_cleaner/src/gotogoal.cpp:[m[K In constructor ‘[01m[KTurtleBot::[01;32m[KTurtleBot[m[K()[m[K’:
[01m[K/home/liror/practice_ws/src/robot_cleaner/src/gotogoal.cpp:19:87:[m[K [01;31m[Kerror: [m[K‘[01m[K_1[m[K’ was not declared in this scope; did you mean ‘[01m[Kstd::placeholders::_1[m[K’?
   19 | rtle1/pose", 10, std::bind(&TurtleBot::update_pose, this, [01;31m[K_1[m[K));
      |                                                           [01;31m[K^~[m[K
      |                                                           [32m[Kstd::placeholders::_1[m[K
In file included from [01m[K/opt/ros/jazzy/include/rclcpp/rclcpp/utilities.hpp:19[m[K,
                 from [01m[K/opt/ros/jazzy/include/rclcpp/rclcpp/logging.hpp:25[m[K,
                 from [01m[K/opt/ros/jazzy/include/rclcpp/rclcpp/copy_all_parameter_values.hpp:27[m[K,
                 from [01m[K/opt/ros/jazzy/include/rclcpp/rclcpp/rclcpp.hpp:171[m[K,
                 from [01m[K/home/liror/practice_ws/src/robot_cleaner/src/gotogoal.cpp:3[m[K:
[01m[K/usr/include/c++/13/functional:294:48:[m[K [01;36m[Knote: [m[K‘[01m[Kstd::placeholders::_1[m[K’ declared here
  294 |     _GLIBCXX_PLACEHOLDER const _Placeholder<1> [01;36m[K_1[m[K;
      |                                                [01;36m[K^~[m[K
[01m[K/home/liror/practice_ws/src/robot_cleaner/src/gotogoal.cpp:[m[K In member function ‘[01m[Kvoid TurtleBot::[01;32m[Kgotogoal[m[K()[m[K’:
[01m[K/home/liror/practice_ws/src/robot_cleaner/src/gotogoal.cpp:78:63:[m[K [01;31m[Kerror: [m[K‘[01m[Kendl[m[K’ was not declared in this scope; did you mean ‘[01m[Kstd::endl[m[K’?
   78 |             std::cout << euclidean_distance(goal_pose) << [01;31m[Kendl[m[K;
      |                                                           [01;31m[K^~~~[m[K
      |                                                           [32m[Kstd::endl[m[K
In file included from [01m[K/usr/include/c++/13/istream:41[m[K,
                 from [01m[K/usr/include/c++/13/sstream:40[m[K,
                 from [01m[K/opt/ros/jazzy/include/rcl_interfaces/rcl_interfaces/srv/detail/list_parameters__traits.hpp:13[m[K,
                 from [01m[K/opt/ros/jazzy/include/rcl_interfaces/rcl_interfaces/srv/list_parameters.hpp:9[m[K,
                 from [01m[K/opt/ros/jazzy/include/rclcpp/rclcpp/copy_all_parameter_values.hpp:21[m[K:
[01m[K/usr/include/c++/13/ostream:735:5:[m[K [01;36m[Knote: [m[K‘[01m[Kstd::endl[m[K’ declared here
  735 |     [01;36m[Kendl[m[K(basic_ostream<_CharT, _Traits>& __os)
      |     [01;36m[K^~~~[m[K
gmake[2]: *** [CMakeFiles/goto.dir/build.make:76: CMakeFiles/goto.dir/src/gotogoal.cpp.o] Error 1
gmake[1]: *** [CMakeFiles/Makefile2:193: CMakeFiles/goto.dir/all] Error 2
gmake: *** [Makefile:146: all] Error 2
