[0.010s] Invoking command in '/home/liror/practice_ws/build/robot_cleaner': CMAKE_PREFIX_PATH=${CMAKE_PREFIX_PATH}:/opt/ros/jazzy DEBUGINFOD_URLS=https://debuginfod.ubuntu.com /usr/bin/cmake --build /home/liror/practice_ws/build/robot_cleaner -- -j2 -l2
[0.059s] [ 33%] Built target move
[0.059s] [ 66%] Built target rotate
[0.083s] [ 83%] [32mBuilding CXX object CMakeFiles/goto.dir/src/gotogoal.cpp.o[0m
[1.844s] [01m[K/home/liror/practice_ws/src/robot_cleaner/src/gotogoal.cpp:7:26:[m[K [01;31m[Kerror: [m[Kexpected unqualified-id before ‘[01m[K-[m[K’ token
[1.844s]     7 | using std::placeholders::[01;31m[K-[m[K1;
[1.844s]       |                          [01;31m[K^[m[K
[1.844s] [01m[K/home/liror/practice_ws/src/robot_cleaner/src/gotogoal.cpp:7:26:[m[K [01;31m[Kerror: [m[Kexpected ‘[01m[K;[m[K’ before ‘[01m[K-[m[K’ token
[1.844s]     7 | using std::placeholders::[01;31m[K-[m[K1;
[1.844s]       |                          [01;31m[K^[m[K
[1.844s]       |                          [32m[K;[m[K
[1.844s] [01m[K/home/liror/practice_ws/src/robot_cleaner/src/gotogoal.cpp:7:26:[m[K [01;31m[Kerror: [m[Kexpected unqualified-id before ‘[01m[K-[m[K’ token
[1.868s] [01m[K/home/liror/practice_ws/src/robot_cleaner/src/gotogoal.cpp:[m[K In constructor ‘[01m[KTurtleBot::[01;32m[KTurtleBot[m[K()[m[K’:
[1.868s] [01m[K/home/liror/practice_ws/src/robot_cleaner/src/gotogoal.cpp:21:87:[m[K [01;31m[Kerror: [m[K‘[01m[K_1[m[K’ was not declared in this scope; did you mean ‘[01m[Kstd::placeholders::_1[m[K’?
[1.868s]    21 | rtle1/pose", 10, std::bind(&TurtleBot::update_pose, this, [01;31m[K_1[m[K));
[1.868s]       |                                                           [01;31m[K^~[m[K
[1.868s]       |                                                           [32m[Kstd::placeholders::_1[m[K
[1.868s] In file included from [01m[K/opt/ros/jazzy/include/rclcpp/rclcpp/utilities.hpp:19[m[K,
[1.868s]                  from [01m[K/opt/ros/jazzy/include/rclcpp/rclcpp/logging.hpp:25[m[K,
[1.868s]                  from [01m[K/opt/ros/jazzy/include/rclcpp/rclcpp/copy_all_parameter_values.hpp:27[m[K,
[1.868s]                  from [01m[K/opt/ros/jazzy/include/rclcpp/rclcpp/rclcpp.hpp:171[m[K,
[1.868s]                  from [01m[K/home/liror/practice_ws/src/robot_cleaner/src/gotogoal.cpp:3[m[K:
[1.868s] [01m[K/usr/include/c++/13/functional:294:48:[m[K [01;36m[Knote: [m[K‘[01m[Kstd::placeholders::_1[m[K’ declared here
[1.868s]   294 |     _GLIBCXX_PLACEHOLDER const _Placeholder<1> [01;36m[K_1[m[K;
[1.869s]       |                                                [01;36m[K^~[m[K
[2.674s] gmake[2]: *** [CMakeFiles/goto.dir/build.make:76: CMakeFiles/goto.dir/src/gotogoal.cpp.o] Error 1
[2.675s] gmake[1]: *** [CMakeFiles/Makefile2:193: CMakeFiles/goto.dir/all] Error 2
[2.675s] gmake: *** [Makefile:146: all] Error 2
[2.677s] Invoked command in '/home/liror/practice_ws/build/robot_cleaner' returned '2': CMAKE_PREFIX_PATH=${CMAKE_PREFIX_PATH}:/opt/ros/jazzy DEBUGINFOD_URLS=https://debuginfod.ubuntu.com /usr/bin/cmake --build /home/liror/practice_ws/build/robot_cleaner -- -j2 -l2
