[0.010s] Invoking command in '/home/liror/practice_ws/build/robot_cleaner': CMAKE_PREFIX_PATH=${CMAKE_PREFIX_PATH}:/opt/ros/jazzy DEBUGINFOD_URLS=https://debuginfod.ubuntu.com /usr/bin/cmake --build /home/liror/practice_ws/build/robot_cleaner -- -j2 -l2
[0.057s] [ 33%] Built target move
[0.060s] [ 66%] Built target rotate
[0.082s] [ 83%] [32mBuilding CXX object CMakeFiles/goto.dir/src/gotogoal.cpp.o[0m
[8.772s] [100%] [32m[1mLinking CXX executable goto[0m
[9.466s] [100%] Built target goto
[9.482s] Invoked command in '/home/liror/practice_ws/build/robot_cleaner' returned '0': CMAKE_PREFIX_PATH=${CMAKE_PREFIX_PATH}:/opt/ros/jazzy DEBUGINFOD_URLS=https://debuginfod.ubuntu.com /usr/bin/cmake --build /home/liror/practice_ws/build/robot_cleaner -- -j2 -l2
[9.497s] Invoking command in '/home/liror/practice_ws/build/robot_cleaner': CMAKE_PREFIX_PATH=${CMAKE_PREFIX_PATH}:/opt/ros/jazzy DEBUGINFOD_URLS=https://debuginfod.ubuntu.com /usr/bin/cmake --install /home/liror/practice_ws/build/robot_cleaner
[9.514s] -- Install configuration: ""
[9.514s] -- Up-to-date: /home/liror/practice_ws/install/robot_cleaner/lib/robot_cleaner/move
[9.518s] -- Up-to-date: /home/liror/practice_ws/install/robot_cleaner/lib/robot_cleaner/rotate
[9.518s] -- Installing: /home/liror/practice_ws/install/robot_cleaner/lib/robot_cleaner/goto
[9.520s] -- Set non-toolchain portion of runtime path of "/home/liror/practice_ws/install/robot_cleaner/lib/robot_cleaner/goto" to ""
[9.520s] -- Up-to-date: /home/liror/practice_ws/install/robot_cleaner/share/ament_index/resource_index/package_run_dependencies/robot_cleaner
[9.520s] -- Up-to-date: /home/liror/practice_ws/install/robot_cleaner/share/ament_index/resource_index/parent_prefix_path/robot_cleaner
[9.520s] -- Up-to-date: /home/liror/practice_ws/install/robot_cleaner/share/robot_cleaner/environment/ament_prefix_path.sh
[9.520s] -- Up-to-date: /home/liror/practice_ws/install/robot_cleaner/share/robot_cleaner/environment/ament_prefix_path.dsv
[9.520s] -- Up-to-date: /home/liror/practice_ws/install/robot_cleaner/share/robot_cleaner/environment/path.sh
[9.521s] -- Up-to-date: /home/liror/practice_ws/install/robot_cleaner/share/robot_cleaner/environment/path.dsv
[9.521s] -- Up-to-date: /home/liror/practice_ws/install/robot_cleaner/share/robot_cleaner/local_setup.bash
[9.521s] -- Up-to-date: /home/liror/practice_ws/install/robot_cleaner/share/robot_cleaner/local_setup.sh
[9.521s] -- Up-to-date: /home/liror/practice_ws/install/robot_cleaner/share/robot_cleaner/local_setup.zsh
[9.521s] -- Up-to-date: /home/liror/practice_ws/install/robot_cleaner/share/robot_cleaner/local_setup.dsv
[9.521s] -- Installing: /home/liror/practice_ws/install/robot_cleaner/share/robot_cleaner/package.dsv
[9.521s] -- Up-to-date: /home/liror/practice_ws/install/robot_cleaner/share/ament_index/resource_index/packages/robot_cleaner
[9.521s] -- Up-to-date: /home/liror/practice_ws/install/robot_cleaner/share/robot_cleaner/cmake/robot_cleanerConfig.cmake
[9.522s] -- Up-to-date: /home/liror/practice_ws/install/robot_cleaner/share/robot_cleaner/cmake/robot_cleanerConfig-version.cmake
[9.522s] -- Up-to-date: /home/liror/practice_ws/install/robot_cleaner/share/robot_cleaner/package.xml
[9.525s] Invoked command in '/home/liror/practice_ws/build/robot_cleaner' returned '0': CMAKE_PREFIX_PATH=${CMAKE_PREFIX_PATH}:/opt/ros/jazzy DEBUGINFOD_URLS=https://debuginfod.ubuntu.com /usr/bin/cmake --install /home/liror/practice_ws/build/robot_cleaner
